<?xml version="1.0" encoding="UTF-8"?>
<!-- Generated by org.testng.reporters.JUnitXMLReporter -->
<testsuite ignored="0" hostname="BINTERNS-QA39L" failures="0" tests="5" name="Default test" time="3.11" errors="0" timestamp="2023-05-15T15:53:21 IST">
  <testcase classname="swiggytests.offerstest" name="clicklocation" time="0.065"/>
  <testcase classname="swiggytests.offerstest" name="clicklocationfill" time="0.583"/>
  <testcase classname="swiggytests.offerstest" name="clickoffers" time="1.671"/>
  <testcase classname="swiggytests.offerstest" name="clickpayment" time="0.704"/>
  <testcase classname="swiggytests.offerstest" name="clickoffer1" time="0.059"/>
</testsuite> <!-- Default test -->
