<?xml version="1.0" encoding="UTF-8"?>
<!-- Generated by org.testng.reporters.JUnitXMLReporter -->
<testsuite ignored="0" hostname="BINTERNS-QA39L" failures="0" tests="8" name="Test" time="5.83" errors="0" timestamp="2023-05-10T14:32:37 IST">
  <testcase classname="swiggytests.searchfunctionality" name="clicklocation" time="0.058"/>
  <testcase classname="swiggytests.searchfunctionality" name="clicklocationfill" time="0.605"/>
  <testcase classname="swiggytests.searchfunctionality" name="clicksearchbutton" time="0.879"/>
  <testcase classname="swiggytests.searchfunctionality" name="clicksearchpiza" time="0.54"/>
  <testcase classname="swiggytests.searchfunctionality" name="clickpiz" time="1.122"/>
  <testcase classname="swiggytests.searchfunctionality" name="clickresturant" time="0.884"/>
  <testcase classname="swiggytests.searchfunctionality" name="clickdishes" time="0.773"/>
  <testcase classname="swiggytests.searchfunctionality" name="clicklogo" time="0.939"/>
</testsuite> <!-- Test -->
