<?xml version="1.0" encoding="UTF-8"?>
<!-- Generated by org.testng.reporters.JUnitXMLReporter -->
<testsuite ignored="0" hostname="BINTERNS-QA39L" failures="0" tests="10" name="Test" time="3.271" errors="0" timestamp="2023-05-15T17:53:33 IST">
  <testcase classname="swiggytests.filterstest" name="clicklocation" time="0.074"/>
  <testcase classname="swiggytests.filterstest" name="clicklocationfill" time="0.584"/>
  <testcase classname="swiggytests.filterstest" name="clickfilters" time="1.797"/>
  <testcase classname="swiggytests.filterstest" name="clickitems1" time="0.128"/>
  <testcase classname="swiggytests.filterstest" name="clickitems2" time="0.05"/>
  <testcase classname="swiggytests.filterstest" name="clickitems3" time="0.053"/>
  <testcase classname="swiggytests.filterstest" name="clickitems4" time="0.08"/>
  <testcase classname="swiggytests.filterstest" name="clickitems5" time="0.046"/>
  <testcase classname="swiggytests.filterstest" name="clickitems6" time="0.045"/>
  <testcase classname="swiggytests.filterstest" name="clickitems7" time="0.088"/>
</testsuite> <!-- Test -->
