<?xml version="1.0" encoding="UTF-8"?>
<!-- Generated by org.testng.reporters.JUnitXMLReporter -->
<testsuite ignored="0" hostname="BINTERNS-QA39L" failures="0" tests="10" name="Test" time="2.803" errors="0" timestamp="2023-05-11T18:53:14 IST">
  <testcase classname="swiggytests.filterstest" name="clicklocation" time="0.072"/>
  <testcase classname="swiggytests.filterstest" name="clicklocationfill" time="0.609"/>
  <testcase classname="swiggytests.filterstest" name="clickfilters" time="1.213"/>
  <testcase classname="swiggytests.filterstest" name="clickitems1" time="0.138"/>
  <testcase classname="swiggytests.filterstest" name="clickitems2" time="0.052"/>
  <testcase classname="swiggytests.filterstest" name="clickitems3" time="0.058"/>
  <testcase classname="swiggytests.filterstest" name="clickitems4" time="0.064"/>
  <testcase classname="swiggytests.filterstest" name="clickitems5" time="0.052"/>
  <testcase classname="swiggytests.filterstest" name="clickitems6" time="0.055"/>
  <testcase classname="swiggytests.filterstest" name="clickitems7" time="0.088"/>
</testsuite> <!-- Test -->
