<?xml version="1.0" encoding="UTF-8"?>
<testng-results ignored="0" total="10" passed="10" failed="0" skipped="0">
  <reporter-output>
  </reporter-output>
  <suite started-at="2023-05-15T17:53:29 IST" name="Suite" finished-at="2023-05-15T17:53:33 IST" duration-ms="3271">
    <groups>
    </groups>
    <test started-at="2023-05-15T17:53:29 IST" name="Test" finished-at="2023-05-15T17:53:33 IST" duration-ms="3271">
      <class name="swiggytests.filterstest">
        <test-method is-config="true" signature="Launch()[pri:0, instance:swiggytests.filterstest@7b36aa0c]" started-at="2023-05-15T17:53:18 IST" name="Launch" finished-at="2023-05-15T17:53:29 IST" duration-ms="11655" status="PASS">
          <reporter-output>
          </reporter-output>
        </test-method> <!-- Launch -->
        <test-method is-config="true" signature="x()[pri:0, instance:swiggytests.filterstest@7b36aa0c]" started-at="2023-05-15T17:53:29 IST" name="x" finished-at="2023-05-15T17:53:30 IST" duration-ms="105" status="PASS">
          <reporter-output>
          </reporter-output>
        </test-method> <!-- x -->
        <test-method signature="clicklocation()[pri:1, instance:swiggytests.filterstest@7b36aa0c]" started-at="2023-05-15T17:53:30 IST" name="clicklocation" finished-at="2023-05-15T17:53:30 IST" duration-ms="74" status="PASS">
          <reporter-output>
          </reporter-output>
        </test-method> <!-- clicklocation -->
        <test-method signature="clicklocationfill()[pri:2, instance:swiggytests.filterstest@7b36aa0c]" started-at="2023-05-15T17:53:30 IST" name="clicklocationfill" finished-at="2023-05-15T17:53:30 IST" duration-ms="584" status="PASS">
          <reporter-output>
          </reporter-output>
        </test-method> <!-- clicklocationfill -->
        <test-method signature="clickfilters()[pri:3, instance:swiggytests.filterstest@7b36aa0c]" started-at="2023-05-15T17:53:30 IST" name="clickfilters" finished-at="2023-05-15T17:53:32 IST" duration-ms="1797" status="PASS">
          <reporter-output>
          </reporter-output>
        </test-method> <!-- clickfilters -->
        <test-method signature="clickitems1()[pri:4, instance:swiggytests.filterstest@7b36aa0c]" started-at="2023-05-15T17:53:32 IST" name="clickitems1" finished-at="2023-05-15T17:53:32 IST" duration-ms="128" status="PASS">
          <reporter-output>
          </reporter-output>
        </test-method> <!-- clickitems1 -->
        <test-method signature="clickitems2()[pri:5, instance:swiggytests.filterstest@7b36aa0c]" started-at="2023-05-15T17:53:32 IST" name="clickitems2" finished-at="2023-05-15T17:53:32 IST" duration-ms="50" status="PASS">
          <reporter-output>
          </reporter-output>
        </test-method> <!-- clickitems2 -->
        <test-method signature="clickitems3()[pri:6, instance:swiggytests.filterstest@7b36aa0c]" started-at="2023-05-15T17:53:32 IST" name="clickitems3" finished-at="2023-05-15T17:53:32 IST" duration-ms="53" status="PASS">
          <reporter-output>
          </reporter-output>
        </test-method> <!-- clickitems3 -->
        <test-method signature="clickitems4()[pri:7, instance:swiggytests.filterstest@7b36aa0c]" started-at="2023-05-15T17:53:32 IST" name="clickitems4" finished-at="2023-05-15T17:53:32 IST" duration-ms="80" status="PASS">
          <reporter-output>
          </reporter-output>
        </test-method> <!-- clickitems4 -->
        <test-method signature="clickitems5()[pri:8, instance:swiggytests.filterstest@7b36aa0c]" started-at="2023-05-15T17:53:32 IST" name="clickitems5" finished-at="2023-05-15T17:53:32 IST" duration-ms="46" status="PASS">
          <reporter-output>
          </reporter-output>
        </test-method> <!-- clickitems5 -->
        <test-method signature="clickitems6()[pri:9, instance:swiggytests.filterstest@7b36aa0c]" started-at="2023-05-15T17:53:32 IST" name="clickitems6" finished-at="2023-05-15T17:53:32 IST" duration-ms="45" status="PASS">
          <reporter-output>
          </reporter-output>
        </test-method> <!-- clickitems6 -->
        <test-method signature="clickitems7()[pri:10, instance:swiggytests.filterstest@7b36aa0c]" started-at="2023-05-15T17:53:32 IST" name="clickitems7" finished-at="2023-05-15T17:53:33 IST" duration-ms="88" status="PASS">
          <reporter-output>
          </reporter-output>
        </test-method> <!-- clickitems7 -->
        <test-method is-config="true" signature="y()[pri:0, instance:swiggytests.filterstest@7b36aa0c]" started-at="2023-05-15T17:53:33 IST" name="y" finished-at="2023-05-15T17:53:33 IST" duration-ms="188" status="PASS">
          <reporter-output>
          </reporter-output>
        </test-method> <!-- y -->
      </class> <!-- swiggytests.filterstest -->
    </test> <!-- Test -->
  </suite> <!-- Suite -->
</testng-results>
